 
****************************************
Report : area
Design : ECE564MyDesign
Version: P-2019.03-SP1
Date   : Fri Nov 29 19:56:29 2019
****************************************

Library(s) Used:

    NangateOpenCellLibrary_PDKv1_2_v2008_10_slow_nldm (File: /afs/eos.ncsu.edu/lockers/research/ece/wdavis/tech/nangate/NangateOpenCellLibrary_PDKv1_2_v2008_10/liberty/520/NangateOpenCellLibrary_PDKv1_2_v2008_10_slow_nldm.db)

Number of ports:                         1112
Number of nets:                         40581
Number of cells:                        38843
Number of combinational cells:          29179
Number of sequential cells:              9629
Number of macros/black boxes:               0
Number of buf/inv:                      10515
Number of references:                      68

Combinational area:              32377.786784
Buf/Inv area:                     5676.972050
Noncombinational area:           46120.943027
Macro/Black Box area:                0.000000
Net Interconnect area:      undefined  (No wire load specified)

Total cell area:                 78498.729811
Total area:                 undefined
1
