Information: Updating design information... (UID-85)
Warning: Design 'ECE564MyDesign' contains 1 high-fanout nets. A fanout number of 1000 will be used for delay calculations involving these nets. (TIM-134)
 
****************************************
Report : timing
        -path full
        -delay min
        -max_paths 1
Design : ECE564MyDesign
Version: P-2019.03-SP1
Date   : Fri Nov 29 19:56:21 2019
****************************************

 # A fanout number of 1000 was used for high fanout net computations.

Operating Conditions: fast   Library: NangateOpenCellLibrary_PDKv1_2_v2008_10_fast_nldm
Wire Load Model Mode: top

  Startpoint: dut__gmem__read_address_reg[1]
              (rising edge-triggered flip-flop clocked by clk)
  Endpoint: dut__gmem__read_address_reg[1]
            (rising edge-triggered flip-flop clocked by clk)
  Path Group: clk
  Path Type: min

  Point                                                   Incr       Path
  --------------------------------------------------------------------------
  clock clk (rise edge)                                 0.0000     0.0000
  clock network delay (ideal)                           0.0000     0.0000
  dut__gmem__read_address_reg[1]/CK (DFF_X2)            0.0000 #   0.0000 r
  dut__gmem__read_address_reg[1]/QN (DFF_X2)            0.0483     0.0483 f
  U19983/ZN (AND2_X1)                                   0.0287     0.0770 f
  dut__gmem__read_address_reg[1]/D (DFF_X2)             0.0000     0.0770 f
  data arrival time                                                0.0770

  clock clk (rise edge)                                 0.0000     0.0000
  clock network delay (ideal)                           0.0000     0.0000
  clock uncertainty                                     0.0500     0.0500
  dut__gmem__read_address_reg[1]/CK (DFF_X2)            0.0000     0.0500 r
  library hold time                                     0.0002     0.0502
  data required time                                               0.0502
  --------------------------------------------------------------------------
  data required time                                               0.0502
  data arrival time                                               -0.0770
  --------------------------------------------------------------------------
  slack (MET)                                                      0.0268


1
